2025-06-16 23:40:49,966 INFO o.a.j.u.JMeterUtils: Setting Locale to en_EN
2025-06-16 23:40:49,985 INFO o.a.j.JMeter: Loading user properties from: D:\Software Quality Assurance Related Documents\Jmeter\apache-jmeter-5.6.3\bin\user.properties
2025-06-16 23:40:49,985 INFO o.a.j.JMeter: Loading system properties from: D:\Software Quality Assurance Related Documents\Jmeter\apache-jmeter-5.6.3\bin\system.properties
2025-06-16 23:40:49,992 INFO o.a.j.JMeter: Copyright (c) 1998-2024 The Apache Software Foundation
2025-06-16 23:40:49,992 INFO o.a.j.JMeter: Version 5.6.3
2025-06-16 23:40:49,992 INFO o.a.j.JMeter: java.version=17.0.12
2025-06-16 23:40:49,992 INFO o.a.j.JMeter: java.vm.name=Java HotSpot(TM) 64-Bit Server VM
2025-06-16 23:40:49,992 INFO o.a.j.JMeter: os.name=Windows 10
2025-06-16 23:40:49,992 INFO o.a.j.JMeter: os.arch=amd64
2025-06-16 23:40:49,992 INFO o.a.j.JMeter: os.version=10.0
2025-06-16 23:40:49,992 INFO o.a.j.JMeter: file.encoding=Cp1252
2025-06-16 23:40:49,992 INFO o.a.j.JMeter: java.awt.headless=true
2025-06-16 23:40:49,992 INFO o.a.j.JMeter: Max memory     =1073741824
2025-06-16 23:40:49,993 INFO o.a.j.JMeter: Available Processors =4
2025-06-16 23:40:50,006 INFO o.a.j.JMeter: Default Locale=English (EN)
2025-06-16 23:40:50,007 INFO o.a.j.JMeter: JMeter  Locale=English (EN)
2025-06-16 23:40:50,007 INFO o.a.j.JMeter: JMeterHome=D:\Software Quality Assurance Related Documents\Jmeter\apache-jmeter-5.6.3
2025-06-16 23:40:50,007 INFO o.a.j.JMeter: user.dir  =D:\Software Quality Assurance Related Documents\Jmeter\apache-jmeter-5.6.3\bin\Assignment on Jmeter API chaining
2025-06-16 23:40:50,007 INFO o.a.j.JMeter: PWD       =D:\Software Quality Assurance Related Documents\Jmeter\apache-jmeter-5.6.3\bin\Assignment on Jmeter API chaining
2025-06-16 23:40:50,013 INFO o.a.j.JMeter: IP: 192.168.1.8 Name: shafaitHossainPC FullName: shafaitHossainPC
2025-06-16 23:40:50,031 INFO o.a.j.JMeter: Setting property 'jmeter.reportgenerator.outputdir' to:'D:\Software Quality Assurance Related Documents\Jmeter\apache-jmeter-5.6.3\bin\Assignment on Jmeter API chaining\Reports'
2025-06-16 23:40:50,037 INFO o.a.j.s.FileServer: Default base='D:\Software Quality Assurance Related Documents\Jmeter\apache-jmeter-5.6.3\bin\Assignment on Jmeter API chaining'
2025-06-16 23:40:50,039 INFO o.a.j.s.FileServer: Set new base='D:\Software Quality Assurance Related Documents\Jmeter\apache-jmeter-5.6.3\bin\Assignment on Jmeter API chaining\.'
2025-06-16 23:40:50,265 INFO o.a.j.s.SaveService: Testplan (JMX) version: 2.2. Testlog (JTL) version: 2.2
2025-06-16 23:40:50,296 INFO o.a.j.s.SaveService: Using SaveService properties version 5.0
2025-06-16 23:40:50,300 INFO o.a.j.s.SaveService: Using SaveService properties file encoding UTF-8
2025-06-16 23:40:50,303 INFO o.a.j.s.SaveService: Loading file: .\Dmoneychaining.jmx
2025-06-16 23:40:50,362 INFO o.a.j.p.h.s.HTTPSamplerBase: Parser for text/html is org.apache.jmeter.protocol.http.parser.LagartoBasedHtmlParser
2025-06-16 23:40:50,363 INFO o.a.j.p.h.s.HTTPSamplerBase: Parser for application/xhtml+xml is org.apache.jmeter.protocol.http.parser.LagartoBasedHtmlParser
2025-06-16 23:40:50,363 INFO o.a.j.p.h.s.HTTPSamplerBase: Parser for application/xml is org.apache.jmeter.protocol.http.parser.LagartoBasedHtmlParser
2025-06-16 23:40:50,363 INFO o.a.j.p.h.s.HTTPSamplerBase: Parser for text/xml is org.apache.jmeter.protocol.http.parser.LagartoBasedHtmlParser
2025-06-16 23:40:50,363 INFO o.a.j.p.h.s.HTTPSamplerBase: Parser for text/vnd.wap.wml is org.apache.jmeter.protocol.http.parser.RegexpHTMLParser
2025-06-16 23:40:50,363 INFO o.a.j.p.h.s.HTTPSamplerBase: Parser for text/css is org.apache.jmeter.protocol.http.parser.CssParser
2025-06-16 23:40:50,423 INFO o.a.j.JMeter: Creating summariser <summary>
2025-06-16 23:40:50,427 INFO o.a.j.r.d.ReportGenerator: ReportGenerator will use for Parsing the separator: ','
2025-06-16 23:40:50,428 INFO o.a.j.r.d.ReportGenerator: Will generate report at end of test from  results file: ./Dmoneychaining.jtl
2025-06-16 23:40:50,428 INFO o.a.j.r.d.ReportGenerator: Reading report generator properties from: D:\Software Quality Assurance Related Documents\Jmeter\apache-jmeter-5.6.3\bin\reportgenerator.properties
2025-06-16 23:40:50,429 INFO o.a.j.r.d.ReportGenerator: Merging with JMeter properties
2025-06-16 23:40:50,432 INFO o.a.j.r.c.ReportGeneratorConfiguration: Property 'jmeter.reportgenerator.temp_dir' not found, using default value 'temp' instead.
2025-06-16 23:40:50,435 INFO o.a.j.r.c.ReportGeneratorConfiguration: Property 'jmeter.reportgenerator.apdex_per_transaction' not found, using default value 'null' instead.
2025-06-16 23:40:50,436 INFO o.a.j.r.c.ReportGeneratorConfiguration: apdex_per_transaction is empty, not APDEX per transaction customization
2025-06-16 23:40:50,436 INFO o.a.j.r.c.ReportGeneratorConfiguration: Property 'jmeter.reportgenerator.sample_filter' not found, using default value 'null' instead.
2025-06-16 23:40:50,436 INFO o.a.j.r.c.ReportGeneratorConfiguration: Property 'jmeter.reportgenerator.report_title' not found, using default value 'null' instead.
2025-06-16 23:40:50,436 INFO o.a.j.r.c.ReportGeneratorConfiguration: Property 'jmeter.reportgenerator.start_date' not found, using default value 'null' instead.
2025-06-16 23:40:50,436 INFO o.a.j.r.c.ReportGeneratorConfiguration: Property 'jmeter.reportgenerator.end_date' not found, using default value 'null' instead.
2025-06-16 23:40:50,436 INFO o.a.j.r.c.ReportGeneratorConfiguration: Property 'jmeter.reportgenerator.date_format' not found, using default value 'null' instead.
2025-06-16 23:40:50,437 INFO o.a.j.r.c.ReportGeneratorConfiguration: Will use date range start date: null, end date: null
2025-06-16 23:40:50,442 INFO o.a.j.r.c.ReportGeneratorConfiguration: Property 'jmeter.reportgenerator.graph.totalTPS.exclude_controllers' not found, using default value 'false' instead.
2025-06-16 23:40:50,442 INFO o.a.j.r.c.ReportGeneratorConfiguration: Property 'jmeter.reportgenerator.graph.activeThreadsOverTime.exclude_controllers' not found, using default value 'false' instead.
2025-06-16 23:40:50,443 INFO o.a.j.r.c.ReportGeneratorConfiguration: Property 'jmeter.reportgenerator.graph.timeVsThreads.exclude_controllers' not found, using default value 'false' instead.
2025-06-16 23:40:50,443 INFO o.a.j.r.c.ReportGeneratorConfiguration: Property 'jmeter.reportgenerator.graph.responseTimeDistribution.exclude_controllers' not found, using default value 'false' instead.
2025-06-16 23:40:50,443 INFO o.a.j.r.c.ReportGeneratorConfiguration: Property 'jmeter.reportgenerator.graph.transactionsPerSecond.exclude_controllers' not found, using default value 'false' instead.
2025-06-16 23:40:50,443 INFO o.a.j.r.c.ReportGeneratorConfiguration: Property 'jmeter.reportgenerator.graph.responseTimePercentiles.exclude_controllers' not found, using default value 'false' instead.
2025-06-16 23:40:50,443 INFO o.a.j.r.c.ReportGeneratorConfiguration: Property 'jmeter.reportgenerator.graph.responseTimePercentilesOverTime.exclude_controllers' not found, using default value 'false' instead.
2025-06-16 23:40:50,443 INFO o.a.j.r.c.ReportGeneratorConfiguration: Property 'jmeter.reportgenerator.graph.responseTimesOverTime.exclude_controllers' not found, using default value 'false' instead.
2025-06-16 23:40:50,444 INFO o.a.j.r.c.ReportGeneratorConfiguration: Property 'jmeter.reportgenerator.graph.connectTimeOverTime.exclude_controllers' not found, using default value 'false' instead.
2025-06-16 23:40:50,444 INFO o.a.j.r.c.ReportGeneratorConfiguration: Property 'jmeter.reportgenerator.graph.latenciesOverTime.exclude_controllers' not found, using default value 'false' instead.
2025-06-16 23:40:50,445 INFO o.a.j.r.c.ReportGeneratorConfiguration: Property 'jmeter.reportgenerator.exporter.json.filters_only_sample_series' not found, using default value 'true' instead.
2025-06-16 23:40:50,445 INFO o.a.j.r.c.ReportGeneratorConfiguration: Property 'jmeter.reportgenerator.exporter.json.series_filter' not found, using default value '' instead.
2025-06-16 23:40:50,445 INFO o.a.j.r.c.ReportGeneratorConfiguration: Property 'jmeter.reportgenerator.exporter.json.show_controllers_only' not found, using default value 'false' instead.
2025-06-16 23:40:50,445 INFO o.a.j.r.c.ReportGeneratorConfiguration: Property 'jmeter.reportgenerator.exporter.html.filters_only_sample_series' not found, using default value 'true' instead.
2025-06-16 23:40:50,445 INFO o.a.j.r.c.ReportGeneratorConfiguration: Property 'jmeter.reportgenerator.exporter.html.series_filter' not found, using default value '' instead.
2025-06-16 23:40:50,446 INFO o.a.j.r.c.ReportGeneratorConfiguration: Property 'jmeter.reportgenerator.exporter.html.show_controllers_only' not found, using default value 'false' instead.
2025-06-16 23:40:50,462 INFO o.a.j.e.StandardJMeterEngine: Running the test!
2025-06-16 23:40:50,464 INFO o.a.j.s.SampleEvent: List of sample_variables: []
2025-06-16 23:40:50,464 INFO o.a.j.s.SampleEvent: List of sample_variables: []
2025-06-16 23:40:50,470 INFO o.a.j.e.u.CompoundVariable: Note: Function class names must contain the string: '.functions.'
2025-06-16 23:40:50,470 INFO o.a.j.e.u.CompoundVariable: Note: Function class names must not contain the string: '.gui.'
2025-06-16 23:40:50,534 INFO o.a.j.r.ClassFinder: Will scan jar D:\Software Quality Assurance Related Documents\Jmeter\apache-jmeter-5.6.3\lib\ext\javafaker-1.0.2 (1).jar with filter ExtendsClassFilter [parents=[interface org.apache.jmeter.functions.Function], inner=false, contains=null, notContains=null]. Consider exposing JMeter plugins via META-INF/services, and add JMeter-Skip-Class-Scanning=true manifest attribute so JMeter can skip classfile scanning
2025-06-16 23:40:50,578 INFO o.a.j.JMeter: Running test (1750095650578)
2025-06-16 23:40:50,598 INFO o.a.j.e.StandardJMeterEngine: Starting ThreadGroup: 1 : Dmoneychaining
2025-06-16 23:40:50,599 INFO o.a.j.e.StandardJMeterEngine: Starting 1 threads for group Dmoneychaining.
2025-06-16 23:40:50,599 INFO o.a.j.e.StandardJMeterEngine: Thread will continue on error
2025-06-16 23:40:50,599 INFO o.a.j.t.ThreadGroup: Starting thread group... number=1 threads=1 ramp-up=1 delayedStart=false
2025-06-16 23:40:50,603 INFO o.a.j.t.ThreadGroup: Started thread group number 1
2025-06-16 23:40:50,604 INFO o.a.j.e.StandardJMeterEngine: Starting ThreadGroup: 2 : Deposit Thread Group (5 Agent ? 10 Customer)
2025-06-16 23:40:50,604 INFO o.a.j.e.StandardJMeterEngine: Starting 5 threads for group Deposit Thread Group (5 Agent ? 10 Customer).
2025-06-16 23:40:50,604 INFO o.a.j.e.StandardJMeterEngine: Thread will continue on error
2025-06-16 23:40:50,604 INFO o.a.j.t.ThreadGroup: Starting thread group... number=2 threads=5 ramp-up=120 delayedStart=false
2025-06-16 23:40:50,606 INFO o.a.j.t.JMeterThread: Thread started: Dmoneychaining 1-1
2025-06-16 23:40:50,608 INFO o.a.j.t.ThreadGroup: Started thread group number 2
2025-06-16 23:40:50,608 INFO o.a.j.e.StandardJMeterEngine: Starting ThreadGroup: 3 : Send Money Thread Group (5 Customers ? 10 Customers)
2025-06-16 23:40:50,608 INFO o.a.j.e.StandardJMeterEngine: Starting 5 threads for group Send Money Thread Group (5 Customers ? 10 Customers).
2025-06-16 23:40:50,608 INFO o.a.j.e.StandardJMeterEngine: Thread will continue on error
2025-06-16 23:40:50,608 INFO o.a.j.t.ThreadGroup: Starting thread group... number=3 threads=5 ramp-up=120 delayedStart=false
2025-06-16 23:40:50,614 INFO o.a.j.t.ThreadGroup: Started thread group number 3
2025-06-16 23:40:50,614 INFO o.a.j.e.StandardJMeterEngine: Starting ThreadGroup: 4 : Payment Thread Group (5 Customers ? 2 Merchants)
2025-06-16 23:40:50,614 INFO o.a.j.e.StandardJMeterEngine: Starting 5 threads for group Payment Thread Group (5 Customers ? 2 Merchants).
2025-06-16 23:40:50,614 INFO o.a.j.e.StandardJMeterEngine: Thread will continue on error
2025-06-16 23:40:50,614 INFO o.a.j.t.ThreadGroup: Starting thread group... number=4 threads=5 ramp-up=120 delayedStart=false
2025-06-16 23:40:50,616 INFO o.a.j.t.ThreadGroup: Started thread group number 4
2025-06-16 23:40:50,616 INFO o.a.j.e.StandardJMeterEngine: All thread groups have been started
2025-06-16 23:40:50,661 INFO o.a.j.p.h.s.HTTPHCAbstractImpl: Local host = shafaitHossainPC
2025-06-16 23:40:50,672 INFO o.a.j.p.h.s.HTTPHC4Impl: HTTP request retry count = 0
2025-06-16 23:40:50,678 INFO o.a.j.t.JMeterThread: Thread started: Deposit Thread Group (5 Agent ? 10 Customer) 2-1
2025-06-16 23:40:50,679 INFO o.a.j.s.SampleResult: Note: Sample TimeStamps are START times
2025-06-16 23:40:50,679 INFO o.a.j.s.SampleResult: sampleresult.default.encoding is set to UTF-8
2025-06-16 23:40:50,679 INFO o.a.j.s.SampleResult: sampleresult.useNanoTime=true
2025-06-16 23:40:50,679 INFO o.a.j.s.SampleResult: sampleresult.nanoThreadSleep=5000
2025-06-16 23:40:50,682 INFO o.a.j.t.JMeterThread: Thread started: Payment Thread Group (5 Customers ? 2 Merchants) 4-1
2025-06-16 23:40:50,682 INFO o.a.j.s.FileServer: Stored: D:/Software Quality Assurance Related Documents/Jmeter/apache-jmeter-5.6.3/bin/New folder/payment.csv
2025-06-16 23:40:50,686 INFO o.a.j.t.JMeterThread: Thread started: Send Money Thread Group (5 Customers ? 10 Customers) 3-1
2025-06-16 23:40:50,687 INFO o.a.j.s.FileServer: Stored: D:/Software Quality Assurance Related Documents/Jmeter/apache-jmeter-5.6.3/bin/New folder/sendMoney.csv.csv
2025-06-16 23:40:50,693 INFO o.a.j.s.FileServer: Stored: D:/Software Quality Assurance Related Documents/Jmeter/apache-jmeter-5.6.3/bin/New folder/deposit.csv.csv
2025-06-16 23:40:50,687 ERROR o.a.j.t.JMeterThread: Test failed!
java.lang.IllegalArgumentException: Could not read file header line for file D:/Software Quality Assurance Related Documents/Jmeter/apache-jmeter-5.6.3/bin/New folder/sendMoney.csv.csv
	at org.apache.jmeter.services.FileServer.reserveFile(FileServer.java:283) ~[ApacheJMeter_core.jar:5.6.3]
	at org.apache.jmeter.config.CSVDataSet.initVars(CSVDataSet.java:216) ~[ApacheJMeter_components.jar:5.6.3]
	at org.apache.jmeter.config.CSVDataSet.iterationStart(CSVDataSet.java:171) ~[ApacheJMeter_components.jar:5.6.3]
	at org.apache.jmeter.control.GenericController.fireIterationStart(GenericController.java:412) ~[ApacheJMeter_core.jar:5.6.3]
	at org.apache.jmeter.control.GenericController.fireIterEvents(GenericController.java:404) ~[ApacheJMeter_core.jar:5.6.3]
	at org.apache.jmeter.control.GenericController.next(GenericController.java:170) ~[ApacheJMeter_core.jar:5.6.3]
	at org.apache.jmeter.control.LoopController.next(LoopController.java:119) ~[ApacheJMeter_core.jar:5.6.3]
	at org.apache.jmeter.threads.AbstractThreadGroup.next(AbstractThreadGroup.java:109) ~[ApacheJMeter_core.jar:5.6.3]
	at org.apache.jmeter.threads.JMeterThread.run(JMeterThread.java:266) [ApacheJMeter_core.jar:5.6.3]
	at java.base/java.lang.Thread.run(Thread.java:842) [?:?]
Caused by: java.lang.IllegalArgumentException: File sendMoney.csv.csv must exist and be readable
	at org.apache.jmeter.services.FileServer.createBufferedReader(FileServer.java:424) ~[ApacheJMeter_core.jar:5.6.3]
	at org.apache.jmeter.services.FileServer.readLine(FileServer.java:340) ~[ApacheJMeter_core.jar:5.6.3]
	at org.apache.jmeter.services.FileServer.readLine(FileServer.java:324) ~[ApacheJMeter_core.jar:5.6.3]
	at org.apache.jmeter.services.FileServer.reserveFile(FileServer.java:272) ~[ApacheJMeter_core.jar:5.6.3]
	... 9 more
2025-06-16 23:40:50,683 ERROR o.a.j.t.JMeterThread: Test failed!
java.lang.IllegalArgumentException: Could not read file header line for file D:/Software Quality Assurance Related Documents/Jmeter/apache-jmeter-5.6.3/bin/New folder/payment.csv
	at org.apache.jmeter.services.FileServer.reserveFile(FileServer.java:283) ~[ApacheJMeter_core.jar:5.6.3]
	at org.apache.jmeter.config.CSVDataSet.initVars(CSVDataSet.java:216) ~[ApacheJMeter_components.jar:5.6.3]
	at org.apache.jmeter.config.CSVDataSet.iterationStart(CSVDataSet.java:171) ~[ApacheJMeter_components.jar:5.6.3]
	at org.apache.jmeter.control.GenericController.fireIterationStart(GenericController.java:412) ~[ApacheJMeter_core.jar:5.6.3]
	at org.apache.jmeter.control.GenericController.fireIterEvents(GenericController.java:404) ~[ApacheJMeter_core.jar:5.6.3]
	at org.apache.jmeter.control.GenericController.next(GenericController.java:170) ~[ApacheJMeter_core.jar:5.6.3]
	at org.apache.jmeter.control.LoopController.next(LoopController.java:119) ~[ApacheJMeter_core.jar:5.6.3]
	at org.apache.jmeter.threads.AbstractThreadGroup.next(AbstractThreadGroup.java:109) ~[ApacheJMeter_core.jar:5.6.3]
	at org.apache.jmeter.threads.JMeterThread.run(JMeterThread.java:266) [ApacheJMeter_core.jar:5.6.3]
	at java.base/java.lang.Thread.run(Thread.java:842) [?:?]
Caused by: java.lang.IllegalArgumentException: File payment.csv must exist and be readable
	at org.apache.jmeter.services.FileServer.createBufferedReader(FileServer.java:424) ~[ApacheJMeter_core.jar:5.6.3]
	at org.apache.jmeter.services.FileServer.readLine(FileServer.java:340) ~[ApacheJMeter_core.jar:5.6.3]
	at org.apache.jmeter.services.FileServer.readLine(FileServer.java:324) ~[ApacheJMeter_core.jar:5.6.3]
	at org.apache.jmeter.services.FileServer.reserveFile(FileServer.java:272) ~[ApacheJMeter_core.jar:5.6.3]
	... 9 more
2025-06-16 23:40:50,705 INFO o.a.j.t.JMeterThread: Thread finished: Send Money Thread Group (5 Customers ? 10 Customers) 3-1
2025-06-16 23:40:50,705 INFO o.a.j.t.JMeterThread: Thread finished: Payment Thread Group (5 Customers ? 2 Merchants) 4-1
2025-06-16 23:40:50,693 ERROR o.a.j.t.JMeterThread: Test failed!
java.lang.IllegalArgumentException: Could not read file header line for file D:/Software Quality Assurance Related Documents/Jmeter/apache-jmeter-5.6.3/bin/New folder/deposit.csv.csv
	at org.apache.jmeter.services.FileServer.reserveFile(FileServer.java:283) ~[ApacheJMeter_core.jar:5.6.3]
	at org.apache.jmeter.config.CSVDataSet.initVars(CSVDataSet.java:216) ~[ApacheJMeter_components.jar:5.6.3]
	at org.apache.jmeter.config.CSVDataSet.iterationStart(CSVDataSet.java:171) ~[ApacheJMeter_components.jar:5.6.3]
	at org.apache.jmeter.control.GenericController.fireIterationStart(GenericController.java:412) ~[ApacheJMeter_core.jar:5.6.3]
	at org.apache.jmeter.control.GenericController.fireIterEvents(GenericController.java:404) ~[ApacheJMeter_core.jar:5.6.3]
	at org.apache.jmeter.control.GenericController.next(GenericController.java:170) ~[ApacheJMeter_core.jar:5.6.3]
	at org.apache.jmeter.control.LoopController.next(LoopController.java:119) ~[ApacheJMeter_core.jar:5.6.3]
	at org.apache.jmeter.threads.AbstractThreadGroup.next(AbstractThreadGroup.java:109) ~[ApacheJMeter_core.jar:5.6.3]
	at org.apache.jmeter.threads.JMeterThread.run(JMeterThread.java:266) [ApacheJMeter_core.jar:5.6.3]
	at java.base/java.lang.Thread.run(Thread.java:842) [?:?]
Caused by: java.lang.IllegalArgumentException: File deposit.csv.csv must exist and be readable
	at org.apache.jmeter.services.FileServer.createBufferedReader(FileServer.java:424) ~[ApacheJMeter_core.jar:5.6.3]
	at org.apache.jmeter.services.FileServer.readLine(FileServer.java:340) ~[ApacheJMeter_core.jar:5.6.3]
	at org.apache.jmeter.services.FileServer.readLine(FileServer.java:324) ~[ApacheJMeter_core.jar:5.6.3]
	at org.apache.jmeter.services.FileServer.reserveFile(FileServer.java:272) ~[ApacheJMeter_core.jar:5.6.3]
	... 9 more
2025-06-16 23:40:50,705 INFO o.a.j.t.JMeterThread: Thread finished: Deposit Thread Group (5 Agent ? 10 Customer) 2-1
2025-06-16 23:40:51,785 INFO o.a.j.t.JMeterThread: Thread is done: Dmoneychaining 1-1
2025-06-16 23:40:51,785 INFO o.a.j.t.JMeterThread: Thread finished: Dmoneychaining 1-1
2025-06-16 23:41:14,680 INFO o.a.j.t.JMeterThread: Thread started: Send Money Thread Group (5 Customers ? 10 Customers) 3-2
2025-06-16 23:41:14,681 ERROR o.a.j.t.JMeterThread: Test failed!
java.lang.IllegalArgumentException: Could not read file header line for file D:/Software Quality Assurance Related Documents/Jmeter/apache-jmeter-5.6.3/bin/New folder/sendMoney.csv.csv
	at org.apache.jmeter.services.FileServer.reserveFile(FileServer.java:283) ~[ApacheJMeter_core.jar:5.6.3]
	at org.apache.jmeter.config.CSVDataSet.initVars(CSVDataSet.java:216) ~[ApacheJMeter_components.jar:5.6.3]
	at org.apache.jmeter.config.CSVDataSet.iterationStart(CSVDataSet.java:171) ~[ApacheJMeter_components.jar:5.6.3]
	at org.apache.jmeter.control.GenericController.fireIterationStart(GenericController.java:412) ~[ApacheJMeter_core.jar:5.6.3]
	at org.apache.jmeter.control.GenericController.fireIterEvents(GenericController.java:404) ~[ApacheJMeter_core.jar:5.6.3]
	at org.apache.jmeter.control.GenericController.next(GenericController.java:170) ~[ApacheJMeter_core.jar:5.6.3]
	at org.apache.jmeter.control.LoopController.next(LoopController.java:119) ~[ApacheJMeter_core.jar:5.6.3]
	at org.apache.jmeter.threads.AbstractThreadGroup.next(AbstractThreadGroup.java:109) ~[ApacheJMeter_core.jar:5.6.3]
	at org.apache.jmeter.threads.JMeterThread.run(JMeterThread.java:266) [ApacheJMeter_core.jar:5.6.3]
	at java.base/java.lang.Thread.run(Thread.java:842) [?:?]
Caused by: java.lang.IllegalArgumentException: File sendMoney.csv.csv must exist and be readable
	at org.apache.jmeter.services.FileServer.createBufferedReader(FileServer.java:424) ~[ApacheJMeter_core.jar:5.6.3]
	at org.apache.jmeter.services.FileServer.readLine(FileServer.java:340) ~[ApacheJMeter_core.jar:5.6.3]
	at org.apache.jmeter.services.FileServer.readLine(FileServer.java:324) ~[ApacheJMeter_core.jar:5.6.3]
	at org.apache.jmeter.services.FileServer.reserveFile(FileServer.java:272) ~[ApacheJMeter_core.jar:5.6.3]
	... 9 more
2025-06-16 23:41:14,682 INFO o.a.j.t.JMeterThread: Thread finished: Send Money Thread Group (5 Customers ? 10 Customers) 3-2
2025-06-16 23:41:14,685 INFO o.a.j.t.JMeterThread: Thread started: Payment Thread Group (5 Customers ? 2 Merchants) 4-2
2025-06-16 23:41:14,685 ERROR o.a.j.t.JMeterThread: Test failed!
java.lang.IllegalArgumentException: Could not read file header line for file D:/Software Quality Assurance Related Documents/Jmeter/apache-jmeter-5.6.3/bin/New folder/payment.csv
	at org.apache.jmeter.services.FileServer.reserveFile(FileServer.java:283) ~[ApacheJMeter_core.jar:5.6.3]
	at org.apache.jmeter.config.CSVDataSet.initVars(CSVDataSet.java:216) ~[ApacheJMeter_components.jar:5.6.3]
	at org.apache.jmeter.config.CSVDataSet.iterationStart(CSVDataSet.java:171) ~[ApacheJMeter_components.jar:5.6.3]
	at org.apache.jmeter.control.GenericController.fireIterationStart(GenericController.java:412) ~[ApacheJMeter_core.jar:5.6.3]
	at org.apache.jmeter.control.GenericController.fireIterEvents(GenericController.java:404) ~[ApacheJMeter_core.jar:5.6.3]
	at org.apache.jmeter.control.GenericController.next(GenericController.java:170) ~[ApacheJMeter_core.jar:5.6.3]
	at org.apache.jmeter.control.LoopController.next(LoopController.java:119) ~[ApacheJMeter_core.jar:5.6.3]
	at org.apache.jmeter.threads.AbstractThreadGroup.next(AbstractThreadGroup.java:109) ~[ApacheJMeter_core.jar:5.6.3]
	at org.apache.jmeter.threads.JMeterThread.run(JMeterThread.java:266) [ApacheJMeter_core.jar:5.6.3]
	at java.base/java.lang.Thread.run(Thread.java:842) [?:?]
Caused by: java.lang.IllegalArgumentException: File payment.csv must exist and be readable
	at org.apache.jmeter.services.FileServer.createBufferedReader(FileServer.java:424) ~[ApacheJMeter_core.jar:5.6.3]
	at org.apache.jmeter.services.FileServer.readLine(FileServer.java:340) ~[ApacheJMeter_core.jar:5.6.3]
	at org.apache.jmeter.services.FileServer.readLine(FileServer.java:324) ~[ApacheJMeter_core.jar:5.6.3]
	at org.apache.jmeter.services.FileServer.reserveFile(FileServer.java:272) ~[ApacheJMeter_core.jar:5.6.3]
	... 9 more
2025-06-16 23:41:14,687 INFO o.a.j.t.JMeterThread: Thread finished: Payment Thread Group (5 Customers ? 2 Merchants) 4-2
2025-06-16 23:41:14,691 INFO o.a.j.t.JMeterThread: Thread started: Deposit Thread Group (5 Agent ? 10 Customer) 2-2
2025-06-16 23:41:14,692 ERROR o.a.j.t.JMeterThread: Test failed!
java.lang.IllegalArgumentException: Could not read file header line for file D:/Software Quality Assurance Related Documents/Jmeter/apache-jmeter-5.6.3/bin/New folder/deposit.csv.csv
	at org.apache.jmeter.services.FileServer.reserveFile(FileServer.java:283) ~[ApacheJMeter_core.jar:5.6.3]
	at org.apache.jmeter.config.CSVDataSet.initVars(CSVDataSet.java:216) ~[ApacheJMeter_components.jar:5.6.3]
	at org.apache.jmeter.config.CSVDataSet.iterationStart(CSVDataSet.java:171) ~[ApacheJMeter_components.jar:5.6.3]
	at org.apache.jmeter.control.GenericController.fireIterationStart(GenericController.java:412) ~[ApacheJMeter_core.jar:5.6.3]
	at org.apache.jmeter.control.GenericController.fireIterEvents(GenericController.java:404) ~[ApacheJMeter_core.jar:5.6.3]
	at org.apache.jmeter.control.GenericController.next(GenericController.java:170) ~[ApacheJMeter_core.jar:5.6.3]
	at org.apache.jmeter.control.LoopController.next(LoopController.java:119) ~[ApacheJMeter_core.jar:5.6.3]
	at org.apache.jmeter.threads.AbstractThreadGroup.next(AbstractThreadGroup.java:109) ~[ApacheJMeter_core.jar:5.6.3]
	at org.apache.jmeter.threads.JMeterThread.run(JMeterThread.java:266) [ApacheJMeter_core.jar:5.6.3]
	at java.base/java.lang.Thread.run(Thread.java:842) [?:?]
Caused by: java.lang.IllegalArgumentException: File deposit.csv.csv must exist and be readable
	at org.apache.jmeter.services.FileServer.createBufferedReader(FileServer.java:424) ~[ApacheJMeter_core.jar:5.6.3]
	at org.apache.jmeter.services.FileServer.readLine(FileServer.java:340) ~[ApacheJMeter_core.jar:5.6.3]
	at org.apache.jmeter.services.FileServer.readLine(FileServer.java:324) ~[ApacheJMeter_core.jar:5.6.3]
	at org.apache.jmeter.services.FileServer.reserveFile(FileServer.java:272) ~[ApacheJMeter_core.jar:5.6.3]
	... 9 more
2025-06-16 23:41:14,694 INFO o.a.j.t.JMeterThread: Thread finished: Deposit Thread Group (5 Agent ? 10 Customer) 2-2
2025-06-16 23:41:38,681 INFO o.a.j.t.JMeterThread: Thread started: Send Money Thread Group (5 Customers ? 10 Customers) 3-3
2025-06-16 23:41:38,682 ERROR o.a.j.t.JMeterThread: Test failed!
java.lang.IllegalArgumentException: Could not read file header line for file D:/Software Quality Assurance Related Documents/Jmeter/apache-jmeter-5.6.3/bin/New folder/sendMoney.csv.csv
	at org.apache.jmeter.services.FileServer.reserveFile(FileServer.java:283) ~[ApacheJMeter_core.jar:5.6.3]
	at org.apache.jmeter.config.CSVDataSet.initVars(CSVDataSet.java:216) ~[ApacheJMeter_components.jar:5.6.3]
	at org.apache.jmeter.config.CSVDataSet.iterationStart(CSVDataSet.java:171) ~[ApacheJMeter_components.jar:5.6.3]
	at org.apache.jmeter.control.GenericController.fireIterationStart(GenericController.java:412) ~[ApacheJMeter_core.jar:5.6.3]
	at org.apache.jmeter.control.GenericController.fireIterEvents(GenericController.java:404) ~[ApacheJMeter_core.jar:5.6.3]
	at org.apache.jmeter.control.GenericController.next(GenericController.java:170) ~[ApacheJMeter_core.jar:5.6.3]
	at org.apache.jmeter.control.LoopController.next(LoopController.java:119) ~[ApacheJMeter_core.jar:5.6.3]
	at org.apache.jmeter.threads.AbstractThreadGroup.next(AbstractThreadGroup.java:109) ~[ApacheJMeter_core.jar:5.6.3]
	at org.apache.jmeter.threads.JMeterThread.run(JMeterThread.java:266) [ApacheJMeter_core.jar:5.6.3]
	at java.base/java.lang.Thread.run(Thread.java:842) [?:?]
Caused by: java.lang.IllegalArgumentException: File sendMoney.csv.csv must exist and be readable
	at org.apache.jmeter.services.FileServer.createBufferedReader(FileServer.java:424) ~[ApacheJMeter_core.jar:5.6.3]
	at org.apache.jmeter.services.FileServer.readLine(FileServer.java:340) ~[ApacheJMeter_core.jar:5.6.3]
	at org.apache.jmeter.services.FileServer.readLine(FileServer.java:324) ~[ApacheJMeter_core.jar:5.6.3]
	at org.apache.jmeter.services.FileServer.reserveFile(FileServer.java:272) ~[ApacheJMeter_core.jar:5.6.3]
	... 9 more
2025-06-16 23:41:38,683 INFO o.a.j.t.JMeterThread: Thread finished: Send Money Thread Group (5 Customers ? 10 Customers) 3-3
2025-06-16 23:41:38,686 INFO o.a.j.t.JMeterThread: Thread started: Payment Thread Group (5 Customers ? 2 Merchants) 4-3
2025-06-16 23:41:38,687 ERROR o.a.j.t.JMeterThread: Test failed!
java.lang.IllegalArgumentException: Could not read file header line for file D:/Software Quality Assurance Related Documents/Jmeter/apache-jmeter-5.6.3/bin/New folder/payment.csv
	at org.apache.jmeter.services.FileServer.reserveFile(FileServer.java:283) ~[ApacheJMeter_core.jar:5.6.3]
	at org.apache.jmeter.config.CSVDataSet.initVars(CSVDataSet.java:216) ~[ApacheJMeter_components.jar:5.6.3]
	at org.apache.jmeter.config.CSVDataSet.iterationStart(CSVDataSet.java:171) ~[ApacheJMeter_components.jar:5.6.3]
	at org.apache.jmeter.control.GenericController.fireIterationStart(GenericController.java:412) ~[ApacheJMeter_core.jar:5.6.3]
	at org.apache.jmeter.control.GenericController.fireIterEvents(GenericController.java:404) ~[ApacheJMeter_core.jar:5.6.3]
	at org.apache.jmeter.control.GenericController.next(GenericController.java:170) ~[ApacheJMeter_core.jar:5.6.3]
	at org.apache.jmeter.control.LoopController.next(LoopController.java:119) ~[ApacheJMeter_core.jar:5.6.3]
	at org.apache.jmeter.threads.AbstractThreadGroup.next(AbstractThreadGroup.java:109) ~[ApacheJMeter_core.jar:5.6.3]
	at org.apache.jmeter.threads.JMeterThread.run(JMeterThread.java:266) [ApacheJMeter_core.jar:5.6.3]
	at java.base/java.lang.Thread.run(Thread.java:842) [?:?]
Caused by: java.lang.IllegalArgumentException: File payment.csv must exist and be readable
	at org.apache.jmeter.services.FileServer.createBufferedReader(FileServer.java:424) ~[ApacheJMeter_core.jar:5.6.3]
	at org.apache.jmeter.services.FileServer.readLine(FileServer.java:340) ~[ApacheJMeter_core.jar:5.6.3]
	at org.apache.jmeter.services.FileServer.readLine(FileServer.java:324) ~[ApacheJMeter_core.jar:5.6.3]
	at org.apache.jmeter.services.FileServer.reserveFile(FileServer.java:272) ~[ApacheJMeter_core.jar:5.6.3]
	... 9 more
2025-06-16 23:41:38,688 INFO o.a.j.t.JMeterThread: Thread finished: Payment Thread Group (5 Customers ? 2 Merchants) 4-3
2025-06-16 23:41:38,691 INFO o.a.j.t.JMeterThread: Thread started: Deposit Thread Group (5 Agent ? 10 Customer) 2-3
2025-06-16 23:41:38,692 ERROR o.a.j.t.JMeterThread: Test failed!
java.lang.IllegalArgumentException: Could not read file header line for file D:/Software Quality Assurance Related Documents/Jmeter/apache-jmeter-5.6.3/bin/New folder/deposit.csv.csv
	at org.apache.jmeter.services.FileServer.reserveFile(FileServer.java:283) ~[ApacheJMeter_core.jar:5.6.3]
	at org.apache.jmeter.config.CSVDataSet.initVars(CSVDataSet.java:216) ~[ApacheJMeter_components.jar:5.6.3]
	at org.apache.jmeter.config.CSVDataSet.iterationStart(CSVDataSet.java:171) ~[ApacheJMeter_components.jar:5.6.3]
	at org.apache.jmeter.control.GenericController.fireIterationStart(GenericController.java:412) ~[ApacheJMeter_core.jar:5.6.3]
	at org.apache.jmeter.control.GenericController.fireIterEvents(GenericController.java:404) ~[ApacheJMeter_core.jar:5.6.3]
	at org.apache.jmeter.control.GenericController.next(GenericController.java:170) ~[ApacheJMeter_core.jar:5.6.3]
	at org.apache.jmeter.control.LoopController.next(LoopController.java:119) ~[ApacheJMeter_core.jar:5.6.3]
	at org.apache.jmeter.threads.AbstractThreadGroup.next(AbstractThreadGroup.java:109) ~[ApacheJMeter_core.jar:5.6.3]
	at org.apache.jmeter.threads.JMeterThread.run(JMeterThread.java:266) [ApacheJMeter_core.jar:5.6.3]
	at java.base/java.lang.Thread.run(Thread.java:842) [?:?]
Caused by: java.lang.IllegalArgumentException: File deposit.csv.csv must exist and be readable
	at org.apache.jmeter.services.FileServer.createBufferedReader(FileServer.java:424) ~[ApacheJMeter_core.jar:5.6.3]
	at org.apache.jmeter.services.FileServer.readLine(FileServer.java:340) ~[ApacheJMeter_core.jar:5.6.3]
	at org.apache.jmeter.services.FileServer.readLine(FileServer.java:324) ~[ApacheJMeter_core.jar:5.6.3]
	at org.apache.jmeter.services.FileServer.reserveFile(FileServer.java:272) ~[ApacheJMeter_core.jar:5.6.3]
	... 9 more
2025-06-16 23:41:38,693 INFO o.a.j.t.JMeterThread: Thread finished: Deposit Thread Group (5 Agent ? 10 Customer) 2-3
2025-06-16 23:42:02,677 INFO o.a.j.t.JMeterThread: Thread started: Send Money Thread Group (5 Customers ? 10 Customers) 3-4
2025-06-16 23:42:02,678 ERROR o.a.j.t.JMeterThread: Test failed!
java.lang.IllegalArgumentException: Could not read file header line for file D:/Software Quality Assurance Related Documents/Jmeter/apache-jmeter-5.6.3/bin/New folder/sendMoney.csv.csv
	at org.apache.jmeter.services.FileServer.reserveFile(FileServer.java:283) ~[ApacheJMeter_core.jar:5.6.3]
	at org.apache.jmeter.config.CSVDataSet.initVars(CSVDataSet.java:216) ~[ApacheJMeter_components.jar:5.6.3]
	at org.apache.jmeter.config.CSVDataSet.iterationStart(CSVDataSet.java:171) ~[ApacheJMeter_components.jar:5.6.3]
	at org.apache.jmeter.control.GenericController.fireIterationStart(GenericController.java:412) ~[ApacheJMeter_core.jar:5.6.3]
	at org.apache.jmeter.control.GenericController.fireIterEvents(GenericController.java:404) ~[ApacheJMeter_core.jar:5.6.3]
	at org.apache.jmeter.control.GenericController.next(GenericController.java:170) ~[ApacheJMeter_core.jar:5.6.3]
	at org.apache.jmeter.control.LoopController.next(LoopController.java:119) ~[ApacheJMeter_core.jar:5.6.3]
	at org.apache.jmeter.threads.AbstractThreadGroup.next(AbstractThreadGroup.java:109) ~[ApacheJMeter_core.jar:5.6.3]
	at org.apache.jmeter.threads.JMeterThread.run(JMeterThread.java:266) [ApacheJMeter_core.jar:5.6.3]
	at java.base/java.lang.Thread.run(Thread.java:842) [?:?]
Caused by: java.lang.IllegalArgumentException: File sendMoney.csv.csv must exist and be readable
	at org.apache.jmeter.services.FileServer.createBufferedReader(FileServer.java:424) ~[ApacheJMeter_core.jar:5.6.3]
	at org.apache.jmeter.services.FileServer.readLine(FileServer.java:340) ~[ApacheJMeter_core.jar:5.6.3]
	at org.apache.jmeter.services.FileServer.readLine(FileServer.java:324) ~[ApacheJMeter_core.jar:5.6.3]
	at org.apache.jmeter.services.FileServer.reserveFile(FileServer.java:272) ~[ApacheJMeter_core.jar:5.6.3]
	... 9 more
2025-06-16 23:42:02,679 INFO o.a.j.t.JMeterThread: Thread finished: Send Money Thread Group (5 Customers ? 10 Customers) 3-4
2025-06-16 23:42:02,684 INFO o.a.j.t.JMeterThread: Thread started: Payment Thread Group (5 Customers ? 2 Merchants) 4-4
2025-06-16 23:42:02,685 ERROR o.a.j.t.JMeterThread: Test failed!
java.lang.IllegalArgumentException: Could not read file header line for file D:/Software Quality Assurance Related Documents/Jmeter/apache-jmeter-5.6.3/bin/New folder/payment.csv
	at org.apache.jmeter.services.FileServer.reserveFile(FileServer.java:283) ~[ApacheJMeter_core.jar:5.6.3]
	at org.apache.jmeter.config.CSVDataSet.initVars(CSVDataSet.java:216) ~[ApacheJMeter_components.jar:5.6.3]
	at org.apache.jmeter.config.CSVDataSet.iterationStart(CSVDataSet.java:171) ~[ApacheJMeter_components.jar:5.6.3]
	at org.apache.jmeter.control.GenericController.fireIterationStart(GenericController.java:412) ~[ApacheJMeter_core.jar:5.6.3]
	at org.apache.jmeter.control.GenericController.fireIterEvents(GenericController.java:404) ~[ApacheJMeter_core.jar:5.6.3]
	at org.apache.jmeter.control.GenericController.next(GenericController.java:170) ~[ApacheJMeter_core.jar:5.6.3]
	at org.apache.jmeter.control.LoopController.next(LoopController.java:119) ~[ApacheJMeter_core.jar:5.6.3]
	at org.apache.jmeter.threads.AbstractThreadGroup.next(AbstractThreadGroup.java:109) ~[ApacheJMeter_core.jar:5.6.3]
	at org.apache.jmeter.threads.JMeterThread.run(JMeterThread.java:266) [ApacheJMeter_core.jar:5.6.3]
	at java.base/java.lang.Thread.run(Thread.java:842) [?:?]
Caused by: java.lang.IllegalArgumentException: File payment.csv must exist and be readable
	at org.apache.jmeter.services.FileServer.createBufferedReader(FileServer.java:424) ~[ApacheJMeter_core.jar:5.6.3]
	at org.apache.jmeter.services.FileServer.readLine(FileServer.java:340) ~[ApacheJMeter_core.jar:5.6.3]
	at org.apache.jmeter.services.FileServer.readLine(FileServer.java:324) ~[ApacheJMeter_core.jar:5.6.3]
	at org.apache.jmeter.services.FileServer.reserveFile(FileServer.java:272) ~[ApacheJMeter_core.jar:5.6.3]
	... 9 more
2025-06-16 23:42:02,686 INFO o.a.j.t.JMeterThread: Thread finished: Payment Thread Group (5 Customers ? 2 Merchants) 4-4
2025-06-16 23:42:02,689 INFO o.a.j.t.JMeterThread: Thread started: Deposit Thread Group (5 Agent ? 10 Customer) 2-4
2025-06-16 23:42:02,690 ERROR o.a.j.t.JMeterThread: Test failed!
java.lang.IllegalArgumentException: Could not read file header line for file D:/Software Quality Assurance Related Documents/Jmeter/apache-jmeter-5.6.3/bin/New folder/deposit.csv.csv
	at org.apache.jmeter.services.FileServer.reserveFile(FileServer.java:283) ~[ApacheJMeter_core.jar:5.6.3]
	at org.apache.jmeter.config.CSVDataSet.initVars(CSVDataSet.java:216) ~[ApacheJMeter_components.jar:5.6.3]
	at org.apache.jmeter.config.CSVDataSet.iterationStart(CSVDataSet.java:171) ~[ApacheJMeter_components.jar:5.6.3]
	at org.apache.jmeter.control.GenericController.fireIterationStart(GenericController.java:412) ~[ApacheJMeter_core.jar:5.6.3]
	at org.apache.jmeter.control.GenericController.fireIterEvents(GenericController.java:404) ~[ApacheJMeter_core.jar:5.6.3]
	at org.apache.jmeter.control.GenericController.next(GenericController.java:170) ~[ApacheJMeter_core.jar:5.6.3]
	at org.apache.jmeter.control.LoopController.next(LoopController.java:119) ~[ApacheJMeter_core.jar:5.6.3]
	at org.apache.jmeter.threads.AbstractThreadGroup.next(AbstractThreadGroup.java:109) ~[ApacheJMeter_core.jar:5.6.3]
	at org.apache.jmeter.threads.JMeterThread.run(JMeterThread.java:266) [ApacheJMeter_core.jar:5.6.3]
	at java.base/java.lang.Thread.run(Thread.java:842) [?:?]
Caused by: java.lang.IllegalArgumentException: File deposit.csv.csv must exist and be readable
	at org.apache.jmeter.services.FileServer.createBufferedReader(FileServer.java:424) ~[ApacheJMeter_core.jar:5.6.3]
	at org.apache.jmeter.services.FileServer.readLine(FileServer.java:340) ~[ApacheJMeter_core.jar:5.6.3]
	at org.apache.jmeter.services.FileServer.readLine(FileServer.java:324) ~[ApacheJMeter_core.jar:5.6.3]
	at org.apache.jmeter.services.FileServer.reserveFile(FileServer.java:272) ~[ApacheJMeter_core.jar:5.6.3]
	... 9 more
2025-06-16 23:42:02,691 INFO o.a.j.t.JMeterThread: Thread finished: Deposit Thread Group (5 Agent ? 10 Customer) 2-4
2025-06-16 23:42:26,673 INFO o.a.j.t.JMeterThread: Thread started: Send Money Thread Group (5 Customers ? 10 Customers) 3-5
2025-06-16 23:42:26,674 ERROR o.a.j.t.JMeterThread: Test failed!
java.lang.IllegalArgumentException: Could not read file header line for file D:/Software Quality Assurance Related Documents/Jmeter/apache-jmeter-5.6.3/bin/New folder/sendMoney.csv.csv
	at org.apache.jmeter.services.FileServer.reserveFile(FileServer.java:283) ~[ApacheJMeter_core.jar:5.6.3]
	at org.apache.jmeter.config.CSVDataSet.initVars(CSVDataSet.java:216) ~[ApacheJMeter_components.jar:5.6.3]
	at org.apache.jmeter.config.CSVDataSet.iterationStart(CSVDataSet.java:171) ~[ApacheJMeter_components.jar:5.6.3]
	at org.apache.jmeter.control.GenericController.fireIterationStart(GenericController.java:412) ~[ApacheJMeter_core.jar:5.6.3]
	at org.apache.jmeter.control.GenericController.fireIterEvents(GenericController.java:404) ~[ApacheJMeter_core.jar:5.6.3]
	at org.apache.jmeter.control.GenericController.next(GenericController.java:170) ~[ApacheJMeter_core.jar:5.6.3]
	at org.apache.jmeter.control.LoopController.next(LoopController.java:119) ~[ApacheJMeter_core.jar:5.6.3]
	at org.apache.jmeter.threads.AbstractThreadGroup.next(AbstractThreadGroup.java:109) ~[ApacheJMeter_core.jar:5.6.3]
	at org.apache.jmeter.threads.JMeterThread.run(JMeterThread.java:266) [ApacheJMeter_core.jar:5.6.3]
	at java.base/java.lang.Thread.run(Thread.java:842) [?:?]
Caused by: java.lang.IllegalArgumentException: File sendMoney.csv.csv must exist and be readable
	at org.apache.jmeter.services.FileServer.createBufferedReader(FileServer.java:424) ~[ApacheJMeter_core.jar:5.6.3]
	at org.apache.jmeter.services.FileServer.readLine(FileServer.java:340) ~[ApacheJMeter_core.jar:5.6.3]
	at org.apache.jmeter.services.FileServer.readLine(FileServer.java:324) ~[ApacheJMeter_core.jar:5.6.3]
	at org.apache.jmeter.services.FileServer.reserveFile(FileServer.java:272) ~[ApacheJMeter_core.jar:5.6.3]
	... 9 more
2025-06-16 23:42:26,674 INFO o.a.j.t.JMeterThread: Thread finished: Send Money Thread Group (5 Customers ? 10 Customers) 3-5
2025-06-16 23:42:26,678 INFO o.a.j.t.JMeterThread: Thread started: Payment Thread Group (5 Customers ? 2 Merchants) 4-5
2025-06-16 23:42:26,679 ERROR o.a.j.t.JMeterThread: Test failed!
java.lang.IllegalArgumentException: Could not read file header line for file D:/Software Quality Assurance Related Documents/Jmeter/apache-jmeter-5.6.3/bin/New folder/payment.csv
	at org.apache.jmeter.services.FileServer.reserveFile(FileServer.java:283) ~[ApacheJMeter_core.jar:5.6.3]
	at org.apache.jmeter.config.CSVDataSet.initVars(CSVDataSet.java:216) ~[ApacheJMeter_components.jar:5.6.3]
	at org.apache.jmeter.config.CSVDataSet.iterationStart(CSVDataSet.java:171) ~[ApacheJMeter_components.jar:5.6.3]
	at org.apache.jmeter.control.GenericController.fireIterationStart(GenericController.java:412) ~[ApacheJMeter_core.jar:5.6.3]
	at org.apache.jmeter.control.GenericController.fireIterEvents(GenericController.java:404) ~[ApacheJMeter_core.jar:5.6.3]
	at org.apache.jmeter.control.GenericController.next(GenericController.java:170) ~[ApacheJMeter_core.jar:5.6.3]
	at org.apache.jmeter.control.LoopController.next(LoopController.java:119) ~[ApacheJMeter_core.jar:5.6.3]
	at org.apache.jmeter.threads.AbstractThreadGroup.next(AbstractThreadGroup.java:109) ~[ApacheJMeter_core.jar:5.6.3]
	at org.apache.jmeter.threads.JMeterThread.run(JMeterThread.java:266) [ApacheJMeter_core.jar:5.6.3]
	at java.base/java.lang.Thread.run(Thread.java:842) [?:?]
Caused by: java.lang.IllegalArgumentException: File payment.csv must exist and be readable
	at org.apache.jmeter.services.FileServer.createBufferedReader(FileServer.java:424) ~[ApacheJMeter_core.jar:5.6.3]
	at org.apache.jmeter.services.FileServer.readLine(FileServer.java:340) ~[ApacheJMeter_core.jar:5.6.3]
	at org.apache.jmeter.services.FileServer.readLine(FileServer.java:324) ~[ApacheJMeter_core.jar:5.6.3]
	at org.apache.jmeter.services.FileServer.reserveFile(FileServer.java:272) ~[ApacheJMeter_core.jar:5.6.3]
	... 9 more
2025-06-16 23:42:26,680 INFO o.a.j.t.JMeterThread: Thread finished: Payment Thread Group (5 Customers ? 2 Merchants) 4-5
2025-06-16 23:42:26,690 INFO o.a.j.t.JMeterThread: Thread started: Deposit Thread Group (5 Agent ? 10 Customer) 2-5
2025-06-16 23:42:26,691 ERROR o.a.j.t.JMeterThread: Test failed!
java.lang.IllegalArgumentException: Could not read file header line for file D:/Software Quality Assurance Related Documents/Jmeter/apache-jmeter-5.6.3/bin/New folder/deposit.csv.csv
	at org.apache.jmeter.services.FileServer.reserveFile(FileServer.java:283) ~[ApacheJMeter_core.jar:5.6.3]
	at org.apache.jmeter.config.CSVDataSet.initVars(CSVDataSet.java:216) ~[ApacheJMeter_components.jar:5.6.3]
	at org.apache.jmeter.config.CSVDataSet.iterationStart(CSVDataSet.java:171) ~[ApacheJMeter_components.jar:5.6.3]
	at org.apache.jmeter.control.GenericController.fireIterationStart(GenericController.java:412) ~[ApacheJMeter_core.jar:5.6.3]
	at org.apache.jmeter.control.GenericController.fireIterEvents(GenericController.java:404) ~[ApacheJMeter_core.jar:5.6.3]
	at org.apache.jmeter.control.GenericController.next(GenericController.java:170) ~[ApacheJMeter_core.jar:5.6.3]
	at org.apache.jmeter.control.LoopController.next(LoopController.java:119) ~[ApacheJMeter_core.jar:5.6.3]
	at org.apache.jmeter.threads.AbstractThreadGroup.next(AbstractThreadGroup.java:109) ~[ApacheJMeter_core.jar:5.6.3]
	at org.apache.jmeter.threads.JMeterThread.run(JMeterThread.java:266) [ApacheJMeter_core.jar:5.6.3]
	at java.base/java.lang.Thread.run(Thread.java:842) [?:?]
Caused by: java.lang.IllegalArgumentException: File deposit.csv.csv must exist and be readable
	at org.apache.jmeter.services.FileServer.createBufferedReader(FileServer.java:424) ~[ApacheJMeter_core.jar:5.6.3]
	at org.apache.jmeter.services.FileServer.readLine(FileServer.java:340) ~[ApacheJMeter_core.jar:5.6.3]
	at org.apache.jmeter.services.FileServer.readLine(FileServer.java:324) ~[ApacheJMeter_core.jar:5.6.3]
	at org.apache.jmeter.services.FileServer.reserveFile(FileServer.java:272) ~[ApacheJMeter_core.jar:5.6.3]
	... 9 more
2025-06-16 23:42:26,692 INFO o.a.j.t.JMeterThread: Thread finished: Deposit Thread Group (5 Agent ? 10 Customer) 2-5
2025-06-16 23:42:26,693 INFO o.a.j.e.StandardJMeterEngine: Notifying test listeners of end of test
2025-06-16 23:42:26,696 INFO o.a.j.r.Summariser: summary =      1 in 00:01:36 =    0.0/s Avg:   978 Min:   978 Max:   978 Err:     0 (0.00%)
2025-06-16 23:42:26,698 INFO o.a.j.JMeter: Generating Dashboard
2025-06-16 23:42:26,699 INFO o.a.j.r.d.ReportGenerator: Flushing result collector before report Generation
2025-06-16 23:42:26,721 INFO o.a.j.r.p.NormalizerSampleConsumer: Using format, 'ms', to parse timeStamp field
2025-06-16 23:42:26,827 INFO o.a.j.r.p.AbstractSampleConsumer: class org.apache.jmeter.report.processor.AggregateConsumer#stopProducing(): beginDate produced 0 samples
2025-06-16 23:42:26,828 INFO o.a.j.r.p.AbstractSampleConsumer: class org.apache.jmeter.report.processor.AggregateConsumer#stopProducing(): endDate produced 0 samples
2025-06-16 23:42:26,829 INFO o.a.j.r.p.AbstractSampleConsumer: class org.apache.jmeter.report.processor.ApdexSummaryConsumer#stopProducing(): apdexSummary produced 0 samples
2025-06-16 23:42:26,829 INFO o.a.j.r.p.AbstractSampleConsumer: class org.apache.jmeter.report.processor.RequestsSummaryConsumer#stopProducing(): requestsSummary produced 0 samples
2025-06-16 23:42:26,832 INFO o.a.j.r.p.AbstractSampleConsumer: class org.apache.jmeter.report.processor.StatisticsSummaryConsumer#stopProducing(): statisticsSummary produced 0 samples
2025-06-16 23:42:26,835 INFO o.a.j.r.p.AbstractSampleConsumer: class org.apache.jmeter.report.processor.Top5ErrorsBySamplerConsumer#stopProducing(): top5ErrorsBySampler produced 0 samples
2025-06-16 23:42:26,835 INFO o.a.j.r.p.AbstractSampleConsumer: class org.apache.jmeter.report.processor.ErrorsSummaryConsumer#stopProducing(): errorsSummary produced 0 samples
2025-06-16 23:42:26,835 INFO o.a.j.r.p.AbstractSampleConsumer: class org.apache.jmeter.report.processor.graph.impl.HitsPerSecondGraphConsumer#stopProducing(): hitsPerSecond produced 0 samples
2025-06-16 23:42:26,847 INFO o.a.j.r.p.AbstractSampleConsumer: class org.apache.jmeter.report.processor.graph.impl.LatencyVSRequestGraphConsumer#stopProducing(): latencyVsRequest produced 0 samples
2025-06-16 23:42:26,847 INFO o.a.j.r.p.AbstractSampleConsumer: class org.apache.jmeter.report.processor.graph.impl.SyntheticResponseTimeDistributionGraphConsumer#stopProducing(): syntheticResponseTimeDistribution produced 0 samples
2025-06-16 23:42:26,847 INFO o.a.j.r.p.AbstractSampleConsumer: class org.apache.jmeter.report.processor.graph.impl.BytesThroughputGraphConsumer#stopProducing(): bytesThroughputOverTime produced 0 samples
2025-06-16 23:42:26,848 INFO o.a.j.r.p.AbstractSampleConsumer: class org.apache.jmeter.report.processor.graph.impl.CodesPerSecondGraphConsumer#stopProducing(): codesPerSecond produced 0 samples
2025-06-16 23:42:26,850 INFO o.a.j.r.p.AbstractSampleConsumer: class org.apache.jmeter.report.processor.graph.impl.ResponseTimeVSRequestGraphConsumer#stopProducing(): responseTimeVsRequest produced 0 samples
2025-06-16 23:42:26,850 INFO o.a.j.r.p.AbstractSampleConsumer: class org.apache.jmeter.report.processor.FilterConsumer#stopProducing(): startIntervalControlerFilter produced 7 samples
2025-06-16 23:42:26,850 INFO o.a.j.r.p.AbstractSampleConsumer: class org.apache.jmeter.report.processor.graph.impl.TotalTPSGraphConsumer#stopProducing(): totalTPS produced 0 samples
2025-06-16 23:42:26,850 INFO o.a.j.r.p.AbstractSampleConsumer: class org.apache.jmeter.report.processor.graph.impl.ActiveThreadsGraphConsumer#stopProducing(): activeThreadsOverTime produced 0 samples
2025-06-16 23:42:26,850 INFO o.a.j.r.p.AbstractSampleConsumer: class org.apache.jmeter.report.processor.graph.impl.TimeVSThreadGraphConsumer#stopProducing(): timeVsThreads produced 0 samples
2025-06-16 23:42:26,850 INFO o.a.j.r.p.AbstractSampleConsumer: class org.apache.jmeter.report.processor.graph.impl.ResponseTimeDistributionGraphConsumer#stopProducing(): responseTimeDistribution produced 0 samples
2025-06-16 23:42:26,851 INFO o.a.j.r.p.AbstractSampleConsumer: class org.apache.jmeter.report.processor.graph.impl.TransactionsPerSecondGraphConsumer#stopProducing(): transactionsPerSecond produced 0 samples
2025-06-16 23:42:26,851 INFO o.a.j.r.p.AbstractSampleConsumer: class org.apache.jmeter.report.processor.graph.impl.ResponseTimePercentilesGraphConsumer#stopProducing(): responseTimePercentiles produced 0 samples
2025-06-16 23:42:26,851 INFO o.a.j.r.p.AbstractSampleConsumer: class org.apache.jmeter.report.processor.graph.impl.ResponseTimePercentilesOverTimeGraphConsumer#stopProducing(): responseTimePercentilesOverTime produced 0 samples
2025-06-16 23:42:26,852 INFO o.a.j.r.p.AbstractSampleConsumer: class org.apache.jmeter.report.processor.graph.impl.ResponseTimeOverTimeGraphConsumer#stopProducing(): responseTimesOverTime produced 0 samples
2025-06-16 23:42:26,852 INFO o.a.j.r.p.AbstractSampleConsumer: class org.apache.jmeter.report.processor.graph.impl.ConnectTimeOverTimeGraphConsumer#stopProducing(): connectTimeOverTime produced 0 samples
2025-06-16 23:42:26,852 INFO o.a.j.r.p.AbstractSampleConsumer: class org.apache.jmeter.report.processor.graph.impl.LatencyOverTimeGraphConsumer#stopProducing(): latenciesOverTime produced 0 samples
2025-06-16 23:42:26,852 INFO o.a.j.r.p.AbstractSampleConsumer: class org.apache.jmeter.report.processor.FilterConsumer#stopProducing(): nameFilter produced 15 samples
2025-06-16 23:42:26,852 INFO o.a.j.r.p.AbstractSampleConsumer: class org.apache.jmeter.report.processor.FilterConsumer#stopProducing(): dateRangeFilter produced 3 samples
2025-06-16 23:42:26,852 INFO o.a.j.r.p.AbstractSampleConsumer: class org.apache.jmeter.report.processor.NormalizerSampleConsumer#stopProducing(): normalizer produced 1 samples
2025-06-16 23:42:26,853 INFO o.a.j.r.p.CsvFileSampleSource: produce(): 1 samples produced in 99ms on channel 0
2025-06-16 23:42:26,853 INFO o.a.j.r.d.ReportGenerator: Exporting data using exporter:'json' of className:'org.apache.jmeter.report.dashboard.JsonExporter'
2025-06-16 23:42:26,927 INFO o.a.j.r.d.JsonExporter: Found data for consumer statisticsSummaryin context
2025-06-16 23:42:26,927 INFO o.a.j.r.d.JsonExporter: Creating statistics for overall
2025-06-16 23:42:26,927 INFO o.a.j.r.d.JsonExporter: Creating statistics for other transactions
2025-06-16 23:42:26,928 INFO o.a.j.r.d.JsonExporter: Checking output folder
2025-06-16 23:42:26,928 INFO o.a.j.r.d.JsonExporter: Writing statistics JSON to D:\Software Quality Assurance Related Documents\Jmeter\apache-jmeter-5.6.3\bin\Assignment on Jmeter API chaining\Reports\statistics.json
2025-06-16 23:42:26,963 INFO o.a.j.r.d.ReportGenerator: Exporting data using exporter:'html' of className:'org.apache.jmeter.report.dashboard.HtmlTemplateExporter'
2025-06-16 23:42:26,965 INFO o.a.j.r.d.HtmlTemplateExporter: Will generate dashboard in folder: D:\Software Quality Assurance Related Documents\Jmeter\apache-jmeter-5.6.3\bin\Assignment on Jmeter API chaining\Reports
2025-06-16 23:42:27,062 INFO o.a.j.r.d.HtmlTemplateExporter: Report will be generated in: D:\Software Quality Assurance Related Documents\Jmeter\apache-jmeter-5.6.3\bin\Assignment on Jmeter API chaining\Reports, creating folder structure
2025-06-16 23:42:27,064 INFO o.a.j.r.d.TemplateVisitor: Copying folder from 'D:\Software Quality Assurance Related Documents\Jmeter\apache-jmeter-5.6.3\bin\report-template' to 'D:\Software Quality Assurance Related Documents\Jmeter\apache-jmeter-5.6.3\bin\Assignment on Jmeter API chaining\Reports', got message: D:\Software Quality Assurance Related Documents\Jmeter\apache-jmeter-5.6.3\bin\Assignment on Jmeter API chaining\Reports, found non empty folder with following content [D:\Software Quality Assurance Related Documents\Jmeter\apache-jmeter-5.6.3\bin\Assignment on Jmeter API chaining\Reports\statistics.json], will be ignored
2025-06-16 23:42:27,367 INFO o.a.j.JMeter: Dashboard generated
